--------------
show databases
--------------

+--------------------+
| Database           |
+--------------------+
| information_schema |
| mysql              |
| performance_schema |
| sakila             |
| sys                |
| test1              |
| test2              |
| world              |
+--------------------+
8 rows in set (0.00 sec)

Database changed
--------------
DESCRIBE APP1$OWNERS
--------------

+-----------+-------------------+------+-----+---------+-------+
| Field     | Type              | Null | Key | Default | Extra |
+-----------+-------------------+------+-----+---------+-------+
| IDOWNER   | int               | NO   | PRI | NULL    |       |
| FIRSTNAME | varchar(20)       | YES  |     | NULL    |       |
| LASTNAME  | varchar(20)       | YES  |     | NULL    |       |
| AGE       | smallint unsigned | YES  |     | NULL    |       |
| PHONE     | varchar(20)       | YES  | UNI | NULL    |       |
| IDT       | datetime          | YES  |     | NULL    |       |
| IUSRNM    | varchar(32)       | YES  |     | NULL    |       |
| MDT       | datetime          | YES  |     | NULL    |       |
| MUSRNM    | varchar(32)       | YES  |     | NULL    |       |
+-----------+-------------------+------+-----+---------+-------+
9 rows in set (0.00 sec)

--------------
DESCRIBE TABLE APP1$DISCS
--------------

+----+-------------+------------+------------+------+---------------+------+---------+------+------+----------+-------+
| id | select_type | table      | partitions | type | possible_keys | key  | key_len | ref  | rows | filtered | Extra |
+----+-------------+------------+------------+------+---------------+------+---------+------+------+----------+-------+
|  1 | SIMPLE      | APP1$DISCS | NULL       | ALL  | NULL          | NULL | NULL    | NULL |    1 |   100.00 | NULL  |
+----+-------------+------------+------------+------+---------------+------+---------+------+------+----------+-------+
1 row in set, 1 warning (0.00 sec)

mysql> source db-build.sql
